This is pdfTeX, Version 3.14159265-2.6-1.40.17 (MiKTeX 2.9 64-bit) (preloaded format=pdflatex 2016.5.21)  2 SEP 2016 12:53
entering extended mode
**./J_1.tex
(J_1.tex
LaTeX2e <2016/03/31>
Babel <3.9r> and hyphenation patterns for 75 language(s) loaded.
("C:\Program Files\MiKTeX 2.9\tex\latex\base\article.cls"
Document Class: article 2014/09/29 v1.4h Standard LaTeX document class
("C:\Program Files\MiKTeX 2.9\tex\latex\base\size10.clo"
File: size10.clo 2014/09/29 v1.4h Standard LaTeX file (size option)
)
\c@part=\count79
\c@section=\count80
\c@subsection=\count81
\c@subsubsection=\count82
\c@paragraph=\count83
\c@subparagraph=\count84
\c@figure=\count85
\c@table=\count86
\abovecaptionskip=\skip41
\belowcaptionskip=\skip42
\bibindent=\dimen102
)
("C:\Program Files\MiKTeX 2.9\tex\latex\pgfplots\pgfplots.sty"
("C:\Program Files\MiKTeX 2.9\tex\generic\pgfplots\pgfplots.revision.tex")
Package: pgfplots 2016/01/06 v1.13 Data Visualization (1.13)

("C:\Program Files\MiKTeX 2.9\tex\latex\pgf\frontendlayer\tikz.sty"
("C:\Program Files\MiKTeX 2.9\tex\latex\pgf\basiclayer\pgf.sty"
("C:\Program Files\MiKTeX 2.9\tex\latex\pgf\utilities\pgfrcs.sty"
("C:\Program Files\MiKTeX 2.9\tex\generic\pgf\utilities\pgfutil-common.tex"
\pgfutil@everybye=\toks14
\pgfutil@tempdima=\dimen103
\pgfutil@tempdimb=\dimen104

("C:\Program Files\MiKTeX 2.9\tex\generic\pgf\utilities\pgfutil-common-lists.te
x")) ("C:\Program Files\MiKTeX 2.9\tex\generic\pgf\utilities\pgfutil-latex.def"
\pgfutil@abb=\box26
("C:\Program Files\MiKTeX 2.9\tex\latex\ms\everyshi.sty"
Package: everyshi 2001/05/15 v3.00 EveryShipout Package (MS)
))
("C:\Program Files\MiKTeX 2.9\tex\generic\pgf\utilities\pgfrcs.code.tex"
Package: pgfrcs 2015/08/07 v3.0.1a (rcs-revision 1.31)
))
Package: pgf 2015/08/07 v3.0.1a (rcs-revision 1.15)

("C:\Program Files\MiKTeX 2.9\tex\latex\pgf\basiclayer\pgfcore.sty"
("C:\Program Files\MiKTeX 2.9\tex\latex\graphics\graphicx.sty"
Package: graphicx 2014/10/28 v1.0g Enhanced LaTeX Graphics (DPC,SPQR)

("C:\Program Files\MiKTeX 2.9\tex\latex\graphics\keyval.sty"
Package: keyval 2014/10/28 v1.15 key=value parser (DPC)
\KV@toks@=\toks15
)
("C:\Program Files\MiKTeX 2.9\tex\latex\graphics\graphics.sty"
Package: graphics 2016/06/02 v1.0s Standard LaTeX Graphics (DPC,SPQR)

("C:\Program Files\MiKTeX 2.9\tex\latex\graphics\trig.sty"
Package: trig 2016/01/03 v1.10 sin cos tan (DPC)
)
("C:\Program Files\MiKTeX 2.9\tex\latex\00miktex\graphics.cfg"
File: graphics.cfg 2016/06/04 v1.11 sample graphics configuration
)
Package graphics Info: Driver file: pdftex.def on input line 99.

("C:\Program Files\MiKTeX 2.9\tex\latex\graphics-def\pdftex.def"
File: pdftex.def 2016/07/10 v0.06j Graphics/color for pdfTeX

("C:\Program Files\MiKTeX 2.9\tex\generic\oberdiek\infwarerr.sty"
Package: infwarerr 2016/05/16 v1.4 Providing info/warning/error messages (HO)
)
("C:\Program Files\MiKTeX 2.9\tex\generic\oberdiek\ltxcmds.sty"
Package: ltxcmds 2016/05/16 v1.23 LaTeX kernel commands for general use (HO)
)
\Gread@gobject=\count87
))
\Gin@req@height=\dimen105
\Gin@req@width=\dimen106
)
("C:\Program Files\MiKTeX 2.9\tex\latex\pgf\systemlayer\pgfsys.sty"
("C:\Program Files\MiKTeX 2.9\tex\generic\pgf\systemlayer\pgfsys.code.tex"
Package: pgfsys 2014/07/09 v3.0.1a (rcs-revision 1.48)

("C:\Program Files\MiKTeX 2.9\tex\generic\pgf\utilities\pgfkeys.code.tex"
\pgfkeys@pathtoks=\toks16
\pgfkeys@temptoks=\toks17

("C:\Program Files\MiKTeX 2.9\tex\generic\pgf\utilities\pgfkeysfiltered.code.te
x"
\pgfkeys@tmptoks=\toks18
))
\pgf@x=\dimen107
\pgf@y=\dimen108
\pgf@xa=\dimen109
\pgf@ya=\dimen110
\pgf@xb=\dimen111
\pgf@yb=\dimen112
\pgf@xc=\dimen113
\pgf@yc=\dimen114
\w@pgf@writea=\write3
\r@pgf@reada=\read1
\c@pgf@counta=\count88
\c@pgf@countb=\count89
\c@pgf@countc=\count90
\c@pgf@countd=\count91
\t@pgf@toka=\toks19
\t@pgf@tokb=\toks20
\t@pgf@tokc=\toks21
 ("C:\Program Files\MiKTeX 2.9\tex\generic\pgf\systemlayer\pgf.cfg"
File: pgf.cfg 2008/05/14  (rcs-revision 1.7)
)
Driver file for pgf: pgfsys-pdftex.def

("C:\Program Files\MiKTeX 2.9\tex\generic\pgf\systemlayer\pgfsys-pdftex.def"
File: pgfsys-pdftex.def 2014/10/11  (rcs-revision 1.35)

("C:\Program Files\MiKTeX 2.9\tex\generic\pgf\systemlayer\pgfsys-common-pdf.def
"
File: pgfsys-common-pdf.def 2013/10/10  (rcs-revision 1.13)
)))
("C:\Program Files\MiKTeX 2.9\tex\generic\pgf\systemlayer\pgfsyssoftpath.code.t
ex"
File: pgfsyssoftpath.code.tex 2013/09/09  (rcs-revision 1.9)
\pgfsyssoftpath@smallbuffer@items=\count92
\pgfsyssoftpath@bigbuffer@items=\count93
)
("C:\Program Files\MiKTeX 2.9\tex\generic\pgf\systemlayer\pgfsysprotocol.code.t
ex"
File: pgfsysprotocol.code.tex 2006/10/16  (rcs-revision 1.4)
)) ("C:\Program Files\MiKTeX 2.9\tex\latex\xcolor\xcolor.sty"
Package: xcolor 2016/05/11 v2.12 LaTeX color extensions (UK)

("C:\Program Files\MiKTeX 2.9\tex\latex\00miktex\color.cfg"
File: color.cfg 2016/01/02 v1.6 sample color configuration
)
Package xcolor Info: Driver file: pdftex.def on input line 225.
Package xcolor Info: Model `cmy' substituted by `cmy0' on input line 1348.
Package xcolor Info: Model `hsb' substituted by `rgb' on input line 1352.
Package xcolor Info: Model `RGB' extended on input line 1364.
Package xcolor Info: Model `HTML' substituted by `rgb' on input line 1366.
Package xcolor Info: Model `Hsb' substituted by `hsb' on input line 1367.
Package xcolor Info: Model `tHsb' substituted by `hsb' on input line 1368.
Package xcolor Info: Model `HSB' substituted by `hsb' on input line 1369.
Package xcolor Info: Model `Gray' substituted by `gray' on input line 1370.
Package xcolor Info: Model `wave' substituted by `hsb' on input line 1371.
)
("C:\Program Files\MiKTeX 2.9\tex\generic\pgf\basiclayer\pgfcore.code.tex"
Package: pgfcore 2010/04/11 v3.0.1a (rcs-revision 1.7)

("C:\Program Files\MiKTeX 2.9\tex\generic\pgf\math\pgfmath.code.tex"
("C:\Program Files\MiKTeX 2.9\tex\generic\pgf\math\pgfmathcalc.code.tex"
("C:\Program Files\MiKTeX 2.9\tex\generic\pgf\math\pgfmathutil.code.tex")
("C:\Program Files\MiKTeX 2.9\tex\generic\pgf\math\pgfmathparser.code.tex"
\pgfmath@dimen=\dimen115
\pgfmath@count=\count94
\pgfmath@box=\box27
\pgfmath@toks=\toks22
\pgfmath@stack@operand=\toks23
\pgfmath@stack@operation=\toks24
)
("C:\Program Files\MiKTeX 2.9\tex\generic\pgf\math\pgfmathfunctions.code.tex"
("C:\Program Files\MiKTeX 2.9\tex\generic\pgf\math\pgfmathfunctions.basic.code.
tex")
("C:\Program Files\MiKTeX 2.9\tex\generic\pgf\math\pgfmathfunctions.trigonometr
ic.code.tex")
("C:\Program Files\MiKTeX 2.9\tex\generic\pgf\math\pgfmathfunctions.random.code
.tex")
("C:\Program Files\MiKTeX 2.9\tex\generic\pgf\math\pgfmathfunctions.comparison.
code.tex")
("C:\Program Files\MiKTeX 2.9\tex\generic\pgf\math\pgfmathfunctions.base.code.t
ex")
("C:\Program Files\MiKTeX 2.9\tex\generic\pgf\math\pgfmathfunctions.round.code.
tex")
("C:\Program Files\MiKTeX 2.9\tex\generic\pgf\math\pgfmathfunctions.misc.code.t
ex")
("C:\Program Files\MiKTeX 2.9\tex\generic\pgf\math\pgfmathfunctions.integerarit
hmetics.code.tex")))
("C:\Program Files\MiKTeX 2.9\tex\generic\pgf\math\pgfmathfloat.code.tex"
\c@pgfmathroundto@lastzeros=\count95
))
("C:\Program Files\MiKTeX 2.9\tex\generic\pgf\basiclayer\pgfcorepoints.code.tex
"
File: pgfcorepoints.code.tex 2013/10/07  (rcs-revision 1.27)
\pgf@picminx=\dimen116
\pgf@picmaxx=\dimen117
\pgf@picminy=\dimen118
\pgf@picmaxy=\dimen119
\pgf@pathminx=\dimen120
\pgf@pathmaxx=\dimen121
\pgf@pathminy=\dimen122
\pgf@pathmaxy=\dimen123
\pgf@xx=\dimen124
\pgf@xy=\dimen125
\pgf@yx=\dimen126
\pgf@yy=\dimen127
\pgf@zx=\dimen128
\pgf@zy=\dimen129
)
("C:\Program Files\MiKTeX 2.9\tex\generic\pgf\basiclayer\pgfcorepathconstruct.c
ode.tex"
File: pgfcorepathconstruct.code.tex 2013/10/07  (rcs-revision 1.29)
\pgf@path@lastx=\dimen130
\pgf@path@lasty=\dimen131
)
("C:\Program Files\MiKTeX 2.9\tex\generic\pgf\basiclayer\pgfcorepathusage.code.
tex"
File: pgfcorepathusage.code.tex 2014/11/02  (rcs-revision 1.24)
\pgf@shorten@end@additional=\dimen132
\pgf@shorten@start@additional=\dimen133
)
("C:\Program Files\MiKTeX 2.9\tex\generic\pgf\basiclayer\pgfcorescopes.code.tex
"
File: pgfcorescopes.code.tex 2015/05/08  (rcs-revision 1.46)
\pgfpic=\box28
\pgf@hbox=\box29
\pgf@layerbox@main=\box30
\pgf@picture@serial@count=\count96
)
("C:\Program Files\MiKTeX 2.9\tex\generic\pgf\basiclayer\pgfcoregraphicstate.co
de.tex"
File: pgfcoregraphicstate.code.tex 2014/11/02  (rcs-revision 1.12)
\pgflinewidth=\dimen134
)
("C:\Program Files\MiKTeX 2.9\tex\generic\pgf\basiclayer\pgfcoretransformations
.code.tex"
File: pgfcoretransformations.code.tex 2015/08/07  (rcs-revision 1.20)
\pgf@pt@x=\dimen135
\pgf@pt@y=\dimen136
\pgf@pt@temp=\dimen137
)
("C:\Program Files\MiKTeX 2.9\tex\generic\pgf\basiclayer\pgfcorequick.code.tex"
File: pgfcorequick.code.tex 2008/10/09  (rcs-revision 1.3)
)
("C:\Program Files\MiKTeX 2.9\tex\generic\pgf\basiclayer\pgfcoreobjects.code.te
x"
File: pgfcoreobjects.code.tex 2006/10/11  (rcs-revision 1.2)
)
("C:\Program Files\MiKTeX 2.9\tex\generic\pgf\basiclayer\pgfcorepathprocessing.
code.tex"
File: pgfcorepathprocessing.code.tex 2013/09/09  (rcs-revision 1.9)
)
("C:\Program Files\MiKTeX 2.9\tex\generic\pgf\basiclayer\pgfcorearrows.code.tex
"
File: pgfcorearrows.code.tex 2015/05/14  (rcs-revision 1.43)
\pgfarrowsep=\dimen138
)
("C:\Program Files\MiKTeX 2.9\tex\generic\pgf\basiclayer\pgfcoreshade.code.tex"
File: pgfcoreshade.code.tex 2013/07/15  (rcs-revision 1.15)
\pgf@max=\dimen139
\pgf@sys@shading@range@num=\count97
) ("C:\Program Files\MiKTeX 2.9\tex\generic\pgf\basiclayer\pgfcoreimage.code.te
x"
File: pgfcoreimage.code.tex 2013/07/15  (rcs-revision 1.18)

("C:\Program Files\MiKTeX 2.9\tex\generic\pgf\basiclayer\pgfcoreexternal.code.t
ex"
File: pgfcoreexternal.code.tex 2014/07/09  (rcs-revision 1.21)
\pgfexternal@startupbox=\box31
))
("C:\Program Files\MiKTeX 2.9\tex\generic\pgf\basiclayer\pgfcorelayers.code.tex
"
File: pgfcorelayers.code.tex 2013/07/18  (rcs-revision 1.7)
)
("C:\Program Files\MiKTeX 2.9\tex\generic\pgf\basiclayer\pgfcoretransparency.co
de.tex"
File: pgfcoretransparency.code.tex 2013/09/30  (rcs-revision 1.5)
)
("C:\Program Files\MiKTeX 2.9\tex\generic\pgf\basiclayer\pgfcorepatterns.code.t
ex"
File: pgfcorepatterns.code.tex 2013/11/07  (rcs-revision 1.5)
)))
("C:\Program Files\MiKTeX 2.9\tex\generic\pgf\modules\pgfmoduleshapes.code.tex"
File: pgfmoduleshapes.code.tex 2014/03/21  (rcs-revision 1.35)
\pgfnodeparttextbox=\box32
) ("C:\Program Files\MiKTeX 2.9\tex\generic\pgf\modules\pgfmoduleplot.code.tex"
File: pgfmoduleplot.code.tex 2015/08/03  (rcs-revision 1.13)
)
("C:\Program Files\MiKTeX 2.9\tex\latex\pgf\compatibility\pgfcomp-version-0-65.
sty"
Package: pgfcomp-version-0-65 2007/07/03 v3.0.1a (rcs-revision 1.7)
\pgf@nodesepstart=\dimen140
\pgf@nodesepend=\dimen141
)
("C:\Program Files\MiKTeX 2.9\tex\latex\pgf\compatibility\pgfcomp-version-1-18.
sty"
Package: pgfcomp-version-1-18 2007/07/23 v3.0.1a (rcs-revision 1.1)
)) ("C:\Program Files\MiKTeX 2.9\tex\latex\pgf\utilities\pgffor.sty"
("C:\Program Files\MiKTeX 2.9\tex\latex\pgf\utilities\pgfkeys.sty"
("C:\Program Files\MiKTeX 2.9\tex\generic\pgf\utilities\pgfkeys.code.tex"))
("C:\Program Files\MiKTeX 2.9\tex\latex\pgf\math\pgfmath.sty"
("C:\Program Files\MiKTeX 2.9\tex\generic\pgf\math\pgfmath.code.tex"))
("C:\Program Files\MiKTeX 2.9\tex\generic\pgf\utilities\pgffor.code.tex"
Package: pgffor 2013/12/13 v3.0.1a (rcs-revision 1.25)

("C:\Program Files\MiKTeX 2.9\tex\generic\pgf\math\pgfmath.code.tex")
\pgffor@iter=\dimen142
\pgffor@skip=\dimen143
\pgffor@stack=\toks25
\pgffor@toks=\toks26
))
("C:\Program Files\MiKTeX 2.9\tex\generic\pgf\frontendlayer\tikz\tikz.code.tex"
Package: tikz 2015/08/07 v3.0.1a (rcs-revision 1.151)

("C:\Program Files\MiKTeX 2.9\tex\generic\pgf\libraries\pgflibraryplothandlers.
code.tex"
File: pgflibraryplothandlers.code.tex 2013/08/31 v3.0.1a (rcs-revision 1.20)
\pgf@plot@mark@count=\count98
\pgfplotmarksize=\dimen144
)
\tikz@lastx=\dimen145
\tikz@lasty=\dimen146
\tikz@lastxsaved=\dimen147
\tikz@lastysaved=\dimen148
\tikzleveldistance=\dimen149
\tikzsiblingdistance=\dimen150
\tikz@figbox=\box33
\tikz@figbox@bg=\box34
\tikz@tempbox=\box35
\tikz@tempbox@bg=\box36
\tikztreelevel=\count99
\tikznumberofchildren=\count100
\tikznumberofcurrentchild=\count101
\tikz@fig@count=\count102

("C:\Program Files\MiKTeX 2.9\tex\generic\pgf\modules\pgfmodulematrix.code.tex"
File: pgfmodulematrix.code.tex 2013/09/17  (rcs-revision 1.8)
\pgfmatrixcurrentrow=\count103
\pgfmatrixcurrentcolumn=\count104
\pgf@matrix@numberofcolumns=\count105
)
\tikz@expandcount=\count106

("C:\Program Files\MiKTeX 2.9\tex\generic\pgf\frontendlayer\tikz\libraries\tikz
librarytopaths.code.tex"
File: tikzlibrarytopaths.code.tex 2008/06/17 v3.0.1a (rcs-revision 1.2)
)))
("C:\Program Files\MiKTeX 2.9\tex\generic\pgfplots\pgfplots.code.tex"
("C:\Program Files\MiKTeX 2.9\tex\generic\pgfplots\pgfplotscore.code.tex"
\t@pgfplots@toka=\toks27
\t@pgfplots@tokb=\toks28
\t@pgfplots@tokc=\toks29
\pgfplots@tmpa=\dimen151
\c@pgfplots@coordindex=\count107
\c@pgfplots@scanlineindex=\count108

("C:\Program Files\MiKTeX 2.9\tex\generic\pgfplots\sys\pgfplotssysgeneric.code.
tex"))
("C:\Program Files\MiKTeX 2.9\tex\generic\pgfplots\libs\pgfplotslibrary.code.te
x")
("C:\Program Files\MiKTeX 2.9\tex\generic\pgfplots\oldpgfcompatib\pgfplotsoldpg
fsupp_loader.code.tex"
("C:\Program Files\MiKTeX 2.9\tex\generic\pgf\libraries\pgflibraryfpu.code.tex"
)
Package pgfplots: loading complementary arithmetics for your pgf version...

("C:\Program Files\MiKTeX 2.9\tex\generic\pgfplots\oldpgfcompatib\pgfplotsoldpg
fsupp_pgflibraryfpu.code.tex")
("C:\Program Files\MiKTeX 2.9\tex\generic\pgfplots\oldpgfcompatib\pgfplotsoldpg
fsupp_pgfmathfloat.code.tex"
\c@pgfmathroundto@lastzeros=\count109
))
("C:\Program Files\MiKTeX 2.9\tex\generic\pgfplots\util\pgfplotsutil.code.tex"
("C:\Program Files\MiKTeX 2.9\tex\generic\pgfplots\liststructure\pgfplotslistst
ructure.code.tex")
("C:\Program Files\MiKTeX 2.9\tex\generic\pgfplots\liststructure\pgfplotslistst
ructureext.code.tex")
("C:\Program Files\MiKTeX 2.9\tex\generic\pgfplots\liststructure\pgfplotsarray.
code.tex"
\c@pgfplotsarray@tmp=\count110
)
("C:\Program Files\MiKTeX 2.9\tex\generic\pgfplots\liststructure\pgfplotsmatrix
.code.tex")
("C:\Program Files\MiKTeX 2.9\tex\generic\pgfplots\numtable\pgfplotstableshared
.code.tex"
\c@pgfplotstable@counta=\count111
\t@pgfplotstable@a=\toks30
)
("C:\Program Files\MiKTeX 2.9\tex\generic\pgfplots\liststructure\pgfplotsdeque.
code.tex")
("C:\Program Files\MiKTeX 2.9\tex\generic\pgfplots\util\pgfplotsbinary.code.tex
"
("C:\Program Files\MiKTeX 2.9\tex\generic\pgfplots\util\pgfplotsbinary.data.cod
e.tex"))
("C:\Program Files\MiKTeX 2.9\tex\generic\pgfplots\util\pgfplotsutil.verb.code.
tex")
("C:\Program Files\MiKTeX 2.9\tex\generic\pgfplots\libs\pgflibrarypgfplots.surf
shading.code.tex"
\c@pgfplotslibrarysurf@no=\count112

("C:\Program Files\MiKTeX 2.9\tex\generic\pgfplots\sys\pgflibrarypgfplots.surfs
hading.pgfsys-pdftex.def")))
("C:\Program Files\MiKTeX 2.9\tex\generic\pgfplots\util\pgfplotscolormap.code.t
ex"
("C:\Program Files\MiKTeX 2.9\tex\generic\pgfplots\util\pgfplotscolor.code.tex"
))
("C:\Program Files\MiKTeX 2.9\tex\generic\pgfplots\pgfplotsstackedplots.code.te
x")
("C:\Program Files\MiKTeX 2.9\tex\generic\pgfplots\pgfplotsplothandlers.code.te
x"
("C:\Program Files\MiKTeX 2.9\tex\generic\pgfplots\pgfplotsmeshplothandler.code
.tex"
("C:\Program Files\MiKTeX 2.9\tex\generic\pgfplots\pgfplotsmeshplotimage.code.t
ex")))
("C:\Program Files\MiKTeX 2.9\tex\generic\pgfplots\pgfplots.scaling.code.tex")
("C:\Program Files\MiKTeX 2.9\tex\generic\pgfplots\pgfplotscoordprocessing.code
.tex")
("C:\Program Files\MiKTeX 2.9\tex\generic\pgfplots\pgfplots.errorbars.code.tex"
) ("C:\Program Files\MiKTeX 2.9\tex\generic\pgfplots\pgfplots.markers.code.tex"
) ("C:\Program Files\MiKTeX 2.9\tex\generic\pgfplots\pgfplotsticks.code.tex")
("C:\Program Files\MiKTeX 2.9\tex\generic\pgfplots\pgfplots.paths.code.tex")
("C:\Program Files\MiKTeX 2.9\tex\generic\pgf\frontendlayer\tikz\libraries\tikz
librarydecorations.code.tex"
("C:\Program Files\MiKTeX 2.9\tex\generic\pgf\modules\pgfmoduledecorations.code
.tex"
\pgfdecoratedcompleteddistance=\dimen152
\pgfdecoratedremainingdistance=\dimen153
\pgfdecoratedinputsegmentcompleteddistance=\dimen154
\pgfdecoratedinputsegmentremainingdistance=\dimen155
\pgf@decorate@distancetomove=\dimen156
\pgf@decorate@repeatstate=\count113
\pgfdecorationsegmentamplitude=\dimen157
\pgfdecorationsegmentlength=\dimen158
)
\tikz@lib@dec@box=\box37
)
("C:\Program Files\MiKTeX 2.9\tex\generic\pgf\frontendlayer\tikz\libraries\tikz
librarydecorations.pathmorphing.code.tex"
("C:\Program Files\MiKTeX 2.9\tex\generic\pgf\libraries\decorations\pgflibraryd
ecorations.pathmorphing.code.tex"))
("C:\Program Files\MiKTeX 2.9\tex\generic\pgf\frontendlayer\tikz\libraries\tikz
librarydecorations.pathreplacing.code.tex"
("C:\Program Files\MiKTeX 2.9\tex\generic\pgf\libraries\decorations\pgflibraryd
ecorations.pathreplacing.code.tex"))
\pgfplots@numplots=\count114
\pgfplots@xmin@reg=\dimen159
\pgfplots@xmax@reg=\dimen160
\pgfplots@ymin@reg=\dimen161
\pgfplots@ymax@reg=\dimen162
\pgfplots@zmin@reg=\dimen163
\pgfplots@zmax@reg=\dimen164
)
("C:\Program Files\MiKTeX 2.9\tex\generic\pgf\frontendlayer\tikz\libraries\tikz
libraryplotmarks.code.tex"
File: tikzlibraryplotmarks.code.tex 2008/01/09 v3.0.1a (rcs-revision 1.1)

("C:\Program Files\MiKTeX 2.9\tex\generic\pgf\libraries\pgflibraryplotmarks.cod
e.tex"
File: pgflibraryplotmarks.code.tex 2015/08/03 v3.0.1a (rcs-revision 1.14)
))) ("C:\Program Files\MiKTeX 2.9\tex\latex\oberdiek\grffile.sty"
Package: grffile 2016/05/16 v1.17 Extended file name support for graphics (HO)

("C:\Program Files\MiKTeX 2.9\tex\generic\oberdiek\ifpdf.sty"
Package: ifpdf 2016/05/14 v3.1 Provides the ifpdf switch
)
("C:\Program Files\MiKTeX 2.9\tex\generic\ifxetex\ifxetex.sty"
Package: ifxetex 2010/09/12 v0.6 Provides ifxetex conditional
)
("C:\Program Files\MiKTeX 2.9\tex\latex\oberdiek\kvoptions.sty"
Package: kvoptions 2016/05/16 v3.12 Key value format for package options (HO)

("C:\Program Files\MiKTeX 2.9\tex\generic\oberdiek\kvsetkeys.sty"
Package: kvsetkeys 2016/05/16 v1.17 Key value parser (HO)

("C:\Program Files\MiKTeX 2.9\tex\generic\oberdiek\etexcmds.sty"
Package: etexcmds 2016/05/16 v1.6 Avoid name clashes with e-TeX commands (HO)

("C:\Program Files\MiKTeX 2.9\tex\generic\oberdiek\ifluatex.sty"
Package: ifluatex 2016/05/16 v1.4 Provides the ifluatex switch (HO)
Package ifluatex Info: LuaTeX not detected.
)
Package etexcmds Info: Could not find \expanded.
(etexcmds)             That can mean that you are not using pdfTeX 1.50 or
(etexcmds)             that some package has redefined \expanded.
(etexcmds)             In the latter case, load this package earlier.
)))
("C:\Program Files\MiKTeX 2.9\tex\generic\oberdiek\pdftexcmds.sty"
Package: pdftexcmds 2016/05/21 v0.22 Utility functions of pdfTeX for LuaTeX (HO
)
Package pdftexcmds Info: LuaTeX not detected.
Package pdftexcmds Info: \pdf@primitive is available.
Package pdftexcmds Info: \pdf@ifprimitive is available.
Package pdftexcmds Info: \pdfdraftmode found.
)
Package grffile Info: Option `multidot' is set to `true'.
Package grffile Info: Option `extendedchars' is set to `false'.
Package grffile Info: Option `space' is set to `true'.
Package grffile Info: \Gin@ii of package `graphicx' fixed on input line 486.
)
("C:\Program Files\MiKTeX 2.9\tex\latex\amsmath\amsmath.sty"
Package: amsmath 2016/06/28 v2.15d AMS math features
\@mathmargin=\skip43

For additional information on amsmath, use the `?' option.
("C:\Program Files\MiKTeX 2.9\tex\latex\amsmath\amstext.sty"
Package: amstext 2000/06/29 v2.01 AMS text

("C:\Program Files\MiKTeX 2.9\tex\latex\amsmath\amsgen.sty"
File: amsgen.sty 1999/11/30 v2.0 generic functions
\@emptytoks=\toks31
\ex@=\dimen165
))
("C:\Program Files\MiKTeX 2.9\tex\latex\amsmath\amsbsy.sty"
Package: amsbsy 1999/11/29 v1.2d Bold Symbols
\pmbraise@=\dimen166
)
("C:\Program Files\MiKTeX 2.9\tex\latex\amsmath\amsopn.sty"
Package: amsopn 2016/03/08 v2.02 operator names
)
\inf@bad=\count115
LaTeX Info: Redefining \frac on input line 199.
\uproot@=\count116
\leftroot@=\count117
LaTeX Info: Redefining \overline on input line 297.
\classnum@=\count118
\DOTSCASE@=\count119
LaTeX Info: Redefining \ldots on input line 394.
LaTeX Info: Redefining \dots on input line 397.
LaTeX Info: Redefining \cdots on input line 518.
\Mathstrutbox@=\box38
\strutbox@=\box39
\big@size=\dimen167
LaTeX Font Info:    Redeclaring font encoding OML on input line 634.
LaTeX Font Info:    Redeclaring font encoding OMS on input line 635.
\macc@depth=\count120
\c@MaxMatrixCols=\count121
\dotsspace@=\muskip10
\c@parentequation=\count122
\dspbrk@lvl=\count123
\tag@help=\toks32
\row@=\count124
\column@=\count125
\maxfields@=\count126
\andhelp@=\toks33
\eqnshift@=\dimen168
\alignsep@=\dimen169
\tagshift@=\dimen170
\tagwidth@=\dimen171
\totwidth@=\dimen172
\lineht@=\dimen173
\@envbody=\toks34
\multlinegap=\skip44
\multlinetaggap=\skip45
\mathdisplay@stack=\toks35
LaTeX Info: Redefining \[ on input line 2739.
LaTeX Info: Redefining \] on input line 2740.
)
("C:\Program Files\MiKTeX 2.9\tex\latex\psnfss\mathptmx.sty"
Package: mathptmx 2005/04/12 PSNFSS-v9.2a Times w/ Math, improved (SPQR, WaS) 
LaTeX Font Info:    Redeclaring symbol font `operators' on input line 28.
LaTeX Font Info:    Overwriting symbol font `operators' in version `normal'
(Font)                  OT1/cmr/m/n --> OT1/ztmcm/m/n on input line 28.
LaTeX Font Info:    Overwriting symbol font `operators' in version `bold'
(Font)                  OT1/cmr/bx/n --> OT1/ztmcm/m/n on input line 28.
LaTeX Font Info:    Redeclaring symbol font `letters' on input line 29.
LaTeX Font Info:    Overwriting symbol font `letters' in version `normal'
(Font)                  OML/cmm/m/it --> OML/ztmcm/m/it on input line 29.
LaTeX Font Info:    Overwriting symbol font `letters' in version `bold'
(Font)                  OML/cmm/b/it --> OML/ztmcm/m/it on input line 29.
LaTeX Font Info:    Redeclaring symbol font `symbols' on input line 30.
LaTeX Font Info:    Overwriting symbol font `symbols' in version `normal'
(Font)                  OMS/cmsy/m/n --> OMS/ztmcm/m/n on input line 30.
LaTeX Font Info:    Overwriting symbol font `symbols' in version `bold'
(Font)                  OMS/cmsy/b/n --> OMS/ztmcm/m/n on input line 30.
LaTeX Font Info:    Redeclaring symbol font `largesymbols' on input line 31.
LaTeX Font Info:    Overwriting symbol font `largesymbols' in version `normal'
(Font)                  OMX/cmex/m/n --> OMX/ztmcm/m/n on input line 31.
LaTeX Font Info:    Overwriting symbol font `largesymbols' in version `bold'
(Font)                  OMX/cmex/m/n --> OMX/ztmcm/m/n on input line 31.
\symbold=\mathgroup4
\symitalic=\mathgroup5
LaTeX Font Info:    Redeclaring math alphabet \mathbf on input line 34.
LaTeX Font Info:    Overwriting math alphabet `\mathbf' in version `normal'
(Font)                  OT1/cmr/bx/n --> OT1/ptm/bx/n on input line 34.
LaTeX Font Info:    Overwriting math alphabet `\mathbf' in version `bold'
(Font)                  OT1/cmr/bx/n --> OT1/ptm/bx/n on input line 34.
LaTeX Font Info:    Redeclaring math alphabet \mathit on input line 35.
LaTeX Font Info:    Overwriting math alphabet `\mathit' in version `normal'
(Font)                  OT1/cmr/m/it --> OT1/ptm/m/it on input line 35.
LaTeX Font Info:    Overwriting math alphabet `\mathit' in version `bold'
(Font)                  OT1/cmr/bx/it --> OT1/ptm/m/it on input line 35.
LaTeX Info: Redefining \hbar on input line 50.
) (J_1.aux)
\openout1 = `J_1.aux'.

LaTeX Font Info:    Checking defaults for OML/cmm/m/it on input line 15.
LaTeX Font Info:    ... okay on input line 15.
LaTeX Font Info:    Checking defaults for T1/cmr/m/n on input line 15.
LaTeX Font Info:    ... okay on input line 15.
LaTeX Font Info:    Checking defaults for OT1/cmr/m/n on input line 15.
LaTeX Font Info:    ... okay on input line 15.
LaTeX Font Info:    Checking defaults for OMS/cmsy/m/n on input line 15.
LaTeX Font Info:    ... okay on input line 15.
LaTeX Font Info:    Checking defaults for OMX/cmex/m/n on input line 15.
LaTeX Font Info:    ... okay on input line 15.
LaTeX Font Info:    Checking defaults for U/cmr/m/n on input line 15.
LaTeX Font Info:    ... okay on input line 15.
LaTeX Font Info:    Try loading font information for OT1+ptm on input line 15.

("C:\Program Files\MiKTeX 2.9\tex\latex\psnfss\ot1ptm.fd"
File: ot1ptm.fd 2001/06/04 font definitions for OT1/ptm.
)
ABD: EveryShipout initializing macros
("C:\Program Files\MiKTeX 2.9\tex\context\base\supp-pdf.mkii"
[Loading MPS to PDF converter (version 2006.09.02).]
\scratchcounter=\count127
\scratchdimen=\dimen174
\scratchbox=\box40
\nofMPsegments=\count128
\nofMParguments=\count129
\everyMPshowfont=\toks36
\MPscratchCnt=\count130
\MPscratchDim=\dimen175
\MPnumerator=\count131
\makeMPintoPDFobject=\count132
\everyMPtoPDFconversion=\toks37
) ("C:\Program Files\MiKTeX 2.9\tex\latex\oberdiek\epstopdf-base.sty"
Package: epstopdf-base 2016/05/15 v2.6 Base part for package epstopdf

("C:\Program Files\MiKTeX 2.9\tex\latex\oberdiek\grfext.sty"
Package: grfext 2016/05/16 v1.2 Manage graphics extensions (HO)

("C:\Program Files\MiKTeX 2.9\tex\generic\oberdiek\kvdefinekeys.sty"
Package: kvdefinekeys 2016/05/16 v1.4 Define keys (HO)
))
Package epstopdf-base Info: Redefining graphics rule for `.eps' on input line 4
38.
Package grfext Info: Graphics extension search list:
(grfext)             [.png,.pdf,.jpg,.mps,.jpeg,.jbig2,.jb2,.PNG,.PDF,.JPG,.JPE
G,.JBIG2,.JB2,.eps]
(grfext)             \AppendGraphicsExtensions on input line 456.
)
Package pgfplots notification 'compat/show suggested version=true': document ha
s been generated with the most recent feature set (\pgfplotsset{compat=1.13}).

(J_1_comp.tex

Package pgfplots Warning: Ignoring illegal input argument zmin=0.000: cannot ap
ply log. on input line 34.

 [warning /pgfplots/warning/illegal user argument in log axis]
Package pgfplots info on input line 34: Using 'lua backend=false' for axis: ymo
de=log unsupported (yet).
Package pgfplots info on input line 34: Using 'lua backend=false' for axis: zmo
de=log unsupported (yet).
NOTE: coordinate (0.000,0.000,0.000) has been dropped because it is unbounded (
in z). (see also unbounded coords=jump). 
NOTE: coordinate (0.020,0.000,0.002) has been dropped because it is unbounded (
in y). (see also unbounded coords=jump). 
NOTE: coordinate (0.040,0.000,0.008) has been dropped because it is unbounded (
in y). (see also unbounded coords=jump). 
NOTE: coordinate (0.061,0.000,0.018) has been dropped because it is unbounded (
in y). (see also unbounded coords=jump). 
NOTE: coordinate (0.081,0.000,0.030) has been dropped because it is unbounded (
in y). (see also unbounded coords=jump). 
NOTE: coordinate (0.101,0.000,0.045) has been dropped because it is unbounded (
in y). (see also unbounded coords=jump). 
NOTE: coordinate (0.121,0.000,0.061) has been dropped because it is unbounded (
in y). (see also unbounded coords=jump). 
NOTE: coordinate (0.141,0.000,0.077) has been dropped because it is unbounded (
in y). (see also unbounded coords=jump). 
NOTE: coordinate (0.162,0.000,0.092) has been dropped because it is unbounded (
in y). (see also unbounded coords=jump). 
NOTE: coordinate (0.182,0.000,0.106) has been dropped because it is unbounded (
in y). (see also unbounded coords=jump). 
NOTE: coordinate (0.202,0.000,0.116) has been dropped because it is unbounded (
in y). (see also unbounded coords=jump). 
NOTE: coordinate (0.222,0.000,0.123) has been dropped because it is unbounded (
in y). (see also unbounded coords=jump). 
NOTE: coordinate (0.242,0.000,0.125) has been dropped because it is unbounded (
in y). (see also unbounded coords=jump). 
NOTE: coordinate (0.263,0.000,0.122) has been dropped because it is unbounded (
in y). (see also unbounded coords=jump). 
NOTE: coordinate (0.283,0.000,0.113) has been dropped because it is unbounded (
in y). (see also unbounded coords=jump). 
NOTE: coordinate (0.303,0.000,0.099) has been dropped because it is unbounded (
in y). (see also unbounded coords=jump). 
NOTE: coordinate (0.323,0.000,0.080) has been dropped because it is unbounded (
in y). (see also unbounded coords=jump). 
NOTE: coordinate (0.343,0.000,0.057) has been dropped because it is unbounded (
in y). (see also unbounded coords=jump). 
NOTE: coordinate (0.364,0.000,0.029) has been dropped because it is unbounded (
in y). (see also unbounded coords=jump). 
NOTE: coordinate (0.384,0.000,0.001) has been dropped because it is unbounded (
in y). (see also unbounded coords=jump). 
NOTE: coordinate (0.404,0.000,0.033) has been dropped because it is unbounded (
in y). (see also unbounded coords=jump). 
NOTE: coordinate (0.424,0.000,0.065) has been dropped because it is unbounded (
in y). (see also unbounded coords=jump). 
NOTE: coordinate (0.444,0.000,0.096) has been dropped because it is unbounded (
in y). (see also unbounded coords=jump). 
NOTE: coordinate (0.465,0.000,0.124) has been dropped because it is unbounded (
in y). (see also unbounded coords=jump). 
NOTE: coordinate (0.485,0.000,0.149) has been dropped because it is unbounded (
in y). (see also unbounded coords=jump). 
NOTE: coordinate (0.505,0.000,0.168) has been dropped because it is unbounded (
in y). (see also unbounded coords=jump). 
NOTE: coordinate (0.525,0.000,0.181) has been dropped because it is unbounded (
in y). (see also unbounded coords=jump). 
NOTE: coordinate (0.545,0.000,0.187) has been dropped because it is unbounded (
in y). (see also unbounded coords=jump). 
NOTE: coordinate (0.566,0.000,0.186) has been dropped because it is unbounded (
in y). (see also unbounded coords=jump). 
NOTE: coordinate (0.586,0.000,0.177) has been dropped because it is unbounded (
in y). (see also unbounded coords=jump). 
NOTE: coordinate (0.606,0.000,0.160) has been dropped because it is unbounded (
in y). (see also unbounded coords=jump). 
NOTE: coordinate (0.626,0.000,0.136) has been dropped because it is unbounded (
in y). (see also unbounded coords=jump). 
NOTE: coordinate (0.646,0.000,0.106) has been dropped because it is unbounded (
in y). (see also unbounded coords=jump). 
NOTE: coordinate (0.667,0.000,0.070) has been dropped because it is unbounded (
in y). (see also unbounded coords=jump). 
NOTE: coordinate (0.687,0.000,0.030) has been dropped because it is unbounded (
in y). (see also unbounded coords=jump). 
NOTE: coordinate (0.707,0.000,0.012) has been dropped because it is unbounded (
in y). (see also unbounded coords=jump). 
NOTE: coordinate (0.727,0.000,0.055) has been dropped because it is unbounded (
in y). (see also unbounded coords=jump). 
NOTE: coordinate (0.747,0.000,0.096) has been dropped because it is unbounded (
in y). (see also unbounded coords=jump). 
NOTE: coordinate (0.768,0.000,0.135) has been dropped because it is unbounded (
in y). (see also unbounded coords=jump). 
NOTE: coordinate (0.788,0.000,0.170) has been dropped because it is unbounded (
in y). (see also unbounded coords=jump). 
NOTE: coordinate (0.808,0.000,0.198) has been dropped because it is unbounded (
in y). (see also unbounded coords=jump). 
NOTE: coordinate (0.828,0.000,0.219) has been dropped because it is unbounded (
in y). (see also unbounded coords=jump). 
NOTE: coordinate (0.848,0.000,0.232) has been dropped because it is unbounded (
in y). (see also unbounded coords=jump). 
NOTE: coordinate (0.869,0.000,0.235) has been dropped because it is unbounded (
in y). (see also unbounded coords=jump). 
NOTE: coordinate (0.889,0.000,0.228) has been dropped because it is unbounded (
in y). (see also unbounded coords=jump). 
NOTE: coordinate (0.909,0.000,0.212) has been dropped because it is unbounded (
in y). (see also unbounded coords=jump). 
NOTE: coordinate (0.929,0.000,0.187) has been dropped because it is unbounded (
in y). (see also unbounded coords=jump). 
NOTE: coordinate (0.949,0.000,0.154) has been dropped because it is unbounded (
in y). (see also unbounded coords=jump). 
NOTE: coordinate (0.970,0.000,0.114) has been dropped because it is unbounded (
in y). (see also unbounded coords=jump). 
NOTE: coordinate (0.990,0.000,0.068) has been dropped because it is unbounded (
in y). (see also unbounded coords=jump). 
NOTE: coordinate (1.010,0.000,0.018) has been dropped because it is unbounded (
in y). (see also unbounded coords=jump). 
NOTE: coordinate (1.030,0.000,0.033) has been dropped because it is unbounded (
in y). (see also unbounded coords=jump). 
NOTE: coordinate (1.051,0.000,0.084) has been dropped because it is unbounded (
in y). (see also unbounded coords=jump). 
NOTE: coordinate (1.071,0.000,0.133) has been dropped because it is unbounded (
in y). (see also unbounded coords=jump). 
NOTE: coordinate (1.091,0.000,0.177) has been dropped because it is unbounded (
in y). (see also unbounded coords=jump). 
NOTE: coordinate (1.111,0.000,0.214) has been dropped because it is unbounded (
in y). (see also unbounded coords=jump). 
NOTE: coordinate (1.131,0.000,0.244) has been dropped because it is unbounded (
in y). (see also unbounded coords=jump). 
NOTE: coordinate (1.152,0.000,0.264) has been dropped because it is unbounded (
in y). (see also unbounded coords=jump). 
NOTE: coordinate (1.172,0.000,0.273) has been dropped because it is unbounded (
in y). (see also unbounded coords=jump). 
NOTE: coordinate (1.192,0.000,0.272) has been dropped because it is unbounded (
in y). (see also unbounded coords=jump). 
NOTE: coordinate (1.212,0.000,0.259) has been dropped because it is unbounded (
in y). (see also unbounded coords=jump). 
NOTE: coordinate (1.232,0.000,0.236) has been dropped because it is unbounded (
in y). (see also unbounded coords=jump). 
NOTE: coordinate (1.253,0.000,0.202) has been dropped because it is unbounded (
in y). (see also unbounded coords=jump). 
NOTE: coordinate (1.273,0.000,0.160) has been dropped because it is unbounded (
in y). (see also unbounded coords=jump). 
NOTE: coordinate (1.293,0.000,0.110) has been dropped because it is unbounded (
in y). (see also unbounded coords=jump). 
NOTE: coordinate (1.313,0.000,0.055) has been dropped because it is unbounded (
in y). (see also unbounded coords=jump). 
NOTE: coordinate (1.333,0.000,0.003) has been dropped because it is unbounded (
in y). (see also unbounded coords=jump). 
NOTE: coordinate (1.354,0.000,0.062) has been dropped because it is unbounded (
in y). (see also unbounded coords=jump). 
NOTE: coordinate (1.374,0.000,0.119) has been dropped because it is unbounded (
in y). (see also unbounded coords=jump). 
NOTE: coordinate (1.394,0.000,0.172) has been dropped because it is unbounded (
in y). (see also unbounded coords=jump). 
NOTE: coordinate (1.414,0.000,0.219) has been dropped because it is unbounded (
in y). (see also unbounded coords=jump). 
NOTE: coordinate (1.434,0.000,0.257) has been dropped because it is unbounded (
in y). (see also unbounded coords=jump). 
NOTE: coordinate (1.455,0.000,0.286) has been dropped because it is unbounded (
in y). (see also unbounded coords=jump). 
NOTE: coordinate (1.475,0.000,0.303) has been dropped because it is unbounded (
in y). (see also unbounded coords=jump). 
NOTE: coordinate (1.495,0.000,0.308) has been dropped because it is unbounded (
in y). (see also unbounded coords=jump). 
NOTE: coordinate (1.515,0.000,0.301) has been dropped because it is unbounded (
in y). (see also unbounded coords=jump). 
NOTE: coordinate (1.535,0.000,0.281) has been dropped because it is unbounded (
in y). (see also unbounded coords=jump). 
NOTE: coordinate (1.556,0.000,0.249) has been dropped because it is unbounded (
in y). (see also unbounded coords=jump). 
NOTE: coordinate (1.576,0.000,0.207) has been dropped because it is unbounded (
in y). (see also unbounded coords=jump). 
NOTE: coordinate (1.596,0.000,0.156) has been dropped because it is unbounded (
in y). (see also unbounded coords=jump). 
NOTE: coordinate (1.616,0.000,0.097) has been dropped because it is unbounded (
in y). (see also unbounded coords=jump). 
NOTE: coordinate (1.636,0.000,0.034) has been dropped because it is unbounded (
in y). (see also unbounded coords=jump). 
NOTE: coordinate (1.657,0.000,0.031) has been dropped because it is unbounded (
in y). (see also unbounded coords=jump). 
NOTE: coordinate (1.677,0.000,0.096) has been dropped because it is unbounded (
in y). (see also unbounded coords=jump). 
NOTE: coordinate (1.697,0.000,0.157) has been dropped because it is unbounded (
in y). (see also unbounded coords=jump). 
NOTE: coordinate (1.717,0.000,0.213) has been dropped because it is unbounded (
in y). (see also unbounded coords=jump). 
NOTE: coordinate (1.737,0.000,0.261) has been dropped because it is unbounded (
in y). (see also unbounded coords=jump). 
NOTE: coordinate (1.758,0.000,0.299) has been dropped because it is unbounded (
in y). (see also unbounded coords=jump). 
NOTE: coordinate (1.778,0.000,0.325) has been dropped because it is unbounded (
in y). (see also unbounded coords=jump). 
NOTE: coordinate (1.798,0.000,0.338) has been dropped because it is unbounded (
in y). (see also unbounded coords=jump). 
NOTE: coordinate (1.818,0.000,0.337) has been dropped because it is unbounded (
in y). (see also unbounded coords=jump). 
NOTE: coordinate (1.838,0.000,0.323) has been dropped because it is unbounded (
in y). (see also unbounded coords=jump). 
NOTE: coordinate (1.859,0.000,0.295) has been dropped because it is unbounded (
in y). (see also unbounded coords=jump). 
NOTE: coordinate (1.879,0.000,0.255) has been dropped because it is unbounded (
in y). (see also unbounded coords=jump). 
NOTE: coordinate (1.899,0.000,0.204) has been dropped because it is unbounded (
in y). (see also unbounded coords=jump). 
NOTE: coordinate (1.919,0.000,0.144) has been dropped because it is unbounded (
in y). (see also unbounded coords=jump). 
NOTE: coordinate (1.939,0.000,0.077) has been dropped because it is unbounded (
in y). (see also unbounded coords=jump). 
NOTE: coordinate (1.960,0.000,0.007) has been dropped because it is unbounded (
in y). (see also unbounded coords=jump). 
NOTE: coordinate (1.980,0.000,0.064) has been dropped because it is unbounded (
in y). (see also unbounded coords=jump). 
NOTE: coordinate (2.000,0.000,0.134) has been dropped because it is unbounded (
in y). (see also unbounded coords=jump). 
NOTE: coordinate (0.000,0.000,0.000) has been dropped because it is unbounded (
in z). (see also unbounded coords=jump). 
NOTE: coordinate (0.020,0.000,0.002) has been dropped because it is unbounded (
in y). (see also unbounded coords=jump). 
NOTE: coordinate (0.040,0.000,0.008) has been dropped because it is unbounded (
in y). (see also unbounded coords=jump). 
NOTE: coordinate (0.061,0.000,0.018) has been dropped because it is unbounded (
in y). (see also unbounded coords=jump). 
NOTE: coordinate (0.081,0.000,0.030) has been dropped because it is unbounded (
in y). (see also unbounded coords=jump). 
NOTE: coordinate (0.101,0.000,0.045) has been dropped because it is unbounded (
in y). (see also unbounded coords=jump). 
NOTE: coordinate (0.121,0.000,0.061) has been dropped because it is unbounded (
in y). (see also unbounded coords=jump). 
NOTE: coordinate (0.141,0.000,0.077) has been dropped because it is unbounded (
in y). (see also unbounded coords=jump). 
NOTE: coordinate (0.162,0.000,0.092) has been dropped because it is unbounded (
in y). (see also unbounded coords=jump). 
NOTE: coordinate (0.182,0.000,0.106) has been dropped because it is unbounded (
in y). (see also unbounded coords=jump). 
NOTE: coordinate (0.202,0.000,0.116) has been dropped because it is unbounded (
in y). (see also unbounded coords=jump). 
NOTE: coordinate (0.222,0.000,0.123) has been dropped because it is unbounded (
in y). (see also unbounded coords=jump). 
NOTE: coordinate (0.242,0.000,0.125) has been dropped because it is unbounded (
in y). (see also unbounded coords=jump). 
NOTE: coordinate (0.263,0.000,0.122) has been dropped because it is unbounded (
in y). (see also unbounded coords=jump). 
NOTE: coordinate (0.283,0.000,0.113) has been dropped because it is unbounded (
in y). (see also unbounded coords=jump). 
NOTE: coordinate (0.303,0.000,0.099) has been dropped because it is unbounded (
in y). (see also unbounded coords=jump). 
NOTE: coordinate (0.323,0.000,0.080) has been dropped because it is unbounded (
in y). (see also unbounded coords=jump). 
NOTE: coordinate (0.343,0.000,0.057) has been dropped because it is unbounded (
in y). (see also unbounded coords=jump). 
NOTE: coordinate (0.364,0.000,0.029) has been dropped because it is unbounded (
in y). (see also unbounded coords=jump). 
NOTE: coordinate (0.384,0.000,0.001) has been dropped because it is unbounded (
in y). (see also unbounded coords=jump). 
NOTE: coordinate (0.404,0.000,0.033) has been dropped because it is unbounded (
in y). (see also unbounded coords=jump). 
NOTE: coordinate (0.424,0.000,0.065) has been dropped because it is unbounded (
in y). (see also unbounded coords=jump). 
NOTE: coordinate (0.444,0.000,0.096) has been dropped because it is unbounded (
in y). (see also unbounded coords=jump). 
NOTE: coordinate (0.465,0.000,0.124) has been dropped because it is unbounded (
in y). (see also unbounded coords=jump). 
NOTE: coordinate (0.485,0.000,0.149) has been dropped because it is unbounded (
in y). (see also unbounded coords=jump). 
NOTE: coordinate (0.505,0.000,0.168) has been dropped because it is unbounded (
in y). (see also unbounded coords=jump). 
NOTE: coordinate (0.525,0.000,0.181) has been dropped because it is unbounded (
in y). (see also unbounded coords=jump). 
NOTE: coordinate (0.545,0.000,0.187) has been dropped because it is unbounded (
in y). (see also unbounded coords=jump). 
NOTE: coordinate (0.566,0.000,0.186) has been dropped because it is unbounded (
in y). (see also unbounded coords=jump). 
NOTE: coordinate (0.586,0.000,0.177) has been dropped because it is unbounded (
in y). (see also unbounded coords=jump). 
NOTE: coordinate (0.606,0.000,0.160) has been dropped because it is unbounded (
in y). (see also unbounded coords=jump). 
NOTE: coordinate (0.626,0.000,0.136) has been dropped because it is unbounded (
in y). (see also unbounded coords=jump). 
NOTE: coordinate (0.646,0.000,0.106) has been dropped because it is unbounded (
in y). (see also unbounded coords=jump). 
NOTE: coordinate (0.667,0.000,0.070) has been dropped because it is unbounded (
in y). (see also unbounded coords=jump). 
NOTE: coordinate (0.687,0.000,0.030) has been dropped because it is unbounded (
in y). (see also unbounded coords=jump). 
NOTE: coordinate (0.707,0.000,0.012) has been dropped because it is unbounded (
in y). (see also unbounded coords=jump). 
NOTE: coordinate (0.727,0.000,0.055) has been dropped because it is unbounded (
in y). (see also unbounded coords=jump). 
NOTE: coordinate (0.747,0.000,0.096) has been dropped because it is unbounded (
in y). (see also unbounded coords=jump). 
NOTE: coordinate (0.768,0.000,0.135) has been dropped because it is unbounded (
in y). (see also unbounded coords=jump). 
NOTE: coordinate (0.788,0.000,0.170) has been dropped because it is unbounded (
in y). (see also unbounded coords=jump). 
NOTE: coordinate (0.808,0.000,0.198) has been dropped because it is unbounded (
in y). (see also unbounded coords=jump). 
NOTE: coordinate (0.828,0.000,0.219) has been dropped because it is unbounded (
in y). (see also unbounded coords=jump). 
NOTE: coordinate (0.848,0.000,0.232) has been dropped because it is unbounded (
in y). (see also unbounded coords=jump). 
NOTE: coordinate (0.869,0.000,0.235) has been dropped because it is unbounded (
in y). (see also unbounded coords=jump). 
NOTE: coordinate (0.889,0.000,0.228) has been dropped because it is unbounded (
in y). (see also unbounded coords=jump). 
NOTE: coordinate (0.909,0.000,0.212) has been dropped because it is unbounded (
in y). (see also unbounded coords=jump). 
NOTE: coordinate (0.929,0.000,0.187) has been dropped because it is unbounded (
in y). (see also unbounded coords=jump). 
NOTE: coordinate (0.949,0.000,0.154) has been dropped because it is unbounded (
in y). (see also unbounded coords=jump). 
NOTE: coordinate (0.970,0.000,0.114) has been dropped because it is unbounded (
in y). (see also unbounded coords=jump). 
NOTE: coordinate (0.990,0.000,0.068) has been dropped because it is unbounded (
in y). (see also unbounded coords=jump). 
NOTE: coordinate (1.010,0.000,0.018) has been dropped because it is unbounded (
in y). (see also unbounded coords=jump). 
NOTE: coordinate (1.030,0.000,0.033) has been dropped because it is unbounded (
in y). (see also unbounded coords=jump). 
NOTE: coordinate (1.051,0.000,0.084) has been dropped because it is unbounded (
in y). (see also unbounded coords=jump). 
NOTE: coordinate (1.071,0.000,0.133) has been dropped because it is unbounded (
in y). (see also unbounded coords=jump). 
NOTE: coordinate (1.091,0.000,0.177) has been dropped because it is unbounded (
in y). (see also unbounded coords=jump). 
NOTE: coordinate (1.111,0.000,0.214) has been dropped because it is unbounded (
in y). (see also unbounded coords=jump). 
NOTE: coordinate (1.131,0.000,0.244) has been dropped because it is unbounded (
in y). (see also unbounded coords=jump). 
NOTE: coordinate (1.152,0.000,0.264) has been dropped because it is unbounded (
in y). (see also unbounded coords=jump). 
NOTE: coordinate (1.172,0.000,0.273) has been dropped because it is unbounded (
in y). (see also unbounded coords=jump). 
NOTE: coordinate (1.192,0.000,0.272) has been dropped because it is unbounded (
in y). (see also unbounded coords=jump). 
NOTE: coordinate (1.212,0.000,0.259) has been dropped because it is unbounded (
in y). (see also unbounded coords=jump). 
NOTE: coordinate (1.232,0.000,0.236) has been dropped because it is unbounded (
in y). (see also unbounded coords=jump). 
NOTE: coordinate (1.253,0.000,0.202) has been dropped because it is unbounded (
in y). (see also unbounded coords=jump). 
NOTE: coordinate (1.273,0.000,0.160) has been dropped because it is unbounded (
in y). (see also unbounded coords=jump). 
NOTE: coordinate (1.293,0.000,0.110) has been dropped because it is unbounded (
in y). (see also unbounded coords=jump). 
NOTE: coordinate (1.313,0.000,0.055) has been dropped because it is unbounded (
in y). (see also unbounded coords=jump). 
NOTE: coordinate (1.333,0.000,0.003) has been dropped because it is unbounded (
in y). (see also unbounded coords=jump). 
NOTE: coordinate (1.354,0.000,0.062) has been dropped because it is unbounded (
in y). (see also unbounded coords=jump). 
NOTE: coordinate (1.374,0.000,0.119) has been dropped because it is unbounded (
in y). (see also unbounded coords=jump). 
NOTE: coordinate (1.394,0.000,0.172) has been dropped because it is unbounded (
in y). (see also unbounded coords=jump). 
NOTE: coordinate (1.414,0.000,0.219) has been dropped because it is unbounded (
in y). (see also unbounded coords=jump). 
NOTE: coordinate (1.434,0.000,0.257) has been dropped because it is unbounded (
in y). (see also unbounded coords=jump). 
NOTE: coordinate (1.455,0.000,0.286) has been dropped because it is unbounded (
in y). (see also unbounded coords=jump). 
NOTE: coordinate (1.475,0.000,0.303) has been dropped because it is unbounded (
in y). (see also unbounded coords=jump). 
NOTE: coordinate (1.495,0.000,0.308) has been dropped because it is unbounded (
in y). (see also unbounded coords=jump). 
NOTE: coordinate (1.515,0.000,0.301) has been dropped because it is unbounded (
in y). (see also unbounded coords=jump). 
NOTE: coordinate (1.535,0.000,0.281) has been dropped because it is unbounded (
in y). (see also unbounded coords=jump). 
NOTE: coordinate (1.556,0.000,0.249) has been dropped because it is unbounded (
in y). (see also unbounded coords=jump). 
NOTE: coordinate (1.576,0.000,0.207) has been dropped because it is unbounded (
in y). (see also unbounded coords=jump). 
NOTE: coordinate (1.596,0.000,0.156) has been dropped because it is unbounded (
in y). (see also unbounded coords=jump). 
NOTE: coordinate (1.616,0.000,0.097) has been dropped because it is unbounded (
in y). (see also unbounded coords=jump). 
NOTE: coordinate (1.636,0.000,0.034) has been dropped because it is unbounded (
in y). (see also unbounded coords=jump). 
NOTE: coordinate (1.657,0.000,0.031) has been dropped because it is unbounded (
in y). (see also unbounded coords=jump). 
NOTE: coordinate (1.677,0.000,0.096) has been dropped because it is unbounded (
in y). (see also unbounded coords=jump). 
NOTE: coordinate (1.697,0.000,0.157) has been dropped because it is unbounded (
in y). (see also unbounded coords=jump). 
NOTE: coordinate (1.717,0.000,0.213) has been dropped because it is unbounded (
in y). (see also unbounded coords=jump). 
NOTE: coordinate (1.737,0.000,0.261) has been dropped because it is unbounded (
in y). (see also unbounded coords=jump). 
NOTE: coordinate (1.758,0.000,0.299) has been dropped because it is unbounded (
in y). (see also unbounded coords=jump). 
NOTE: coordinate (1.778,0.000,0.325) has been dropped because it is unbounded (
in y). (see also unbounded coords=jump). 
NOTE: coordinate (1.798,0.000,0.338) has been dropped because it is unbounded (
in y). (see also unbounded coords=jump). 
NOTE: coordinate (1.818,0.000,0.337) has been dropped because it is unbounded (
in y). (see also unbounded coords=jump). 
NOTE: coordinate (1.838,0.000,0.323) has been dropped because it is unbounded (
in y). (see also unbounded coords=jump). 
NOTE: coordinate (1.859,0.000,0.295) has been dropped because it is unbounded (
in y). (see also unbounded coords=jump). 
NOTE: coordinate (1.879,0.000,0.255) has been dropped because it is unbounded (
in y). (see also unbounded coords=jump). 
NOTE: coordinate (1.899,0.000,0.204) has been dropped because it is unbounded (
in y). (see also unbounded coords=jump). 
NOTE: coordinate (1.919,0.000,0.144) has been dropped because it is unbounded (
in y). (see also unbounded coords=jump). 
NOTE: coordinate (1.939,0.000,0.077) has been dropped because it is unbounded (
in y). (see also unbounded coords=jump). 
NOTE: coordinate (1.960,0.000,0.007) has been dropped because it is unbounded (
in y). (see also unbounded coords=jump). 
NOTE: coordinate (1.980,0.000,0.064) has been dropped because it is unbounded (
in y). (see also unbounded coords=jump). 
NOTE: coordinate (2.000,0.000,0.134) has been dropped because it is unbounded (
in y). (see also unbounded coords=jump). 
NOTE: coordinate (0.000,0.000,0.000) has been dropped because it is unbounded (
in z). (see also unbounded coords=jump). 
NOTE: coordinate (0.020,0.000,0.002) has been dropped because it is unbounded (
in y). (see also unbounded coords=jump). 
NOTE: coordinate (0.040,0.000,0.008) has been dropped because it is unbounded (
in y). (see also unbounded coords=jump). 
NOTE: coordinate (0.061,0.000,0.018) has been dropped because it is unbounded (
in y). (see also unbounded coords=jump). 
NOTE: coordinate (0.081,0.000,0.030) has been dropped because it is unbounded (
in y). (see also unbounded coords=jump). 
NOTE: coordinate (0.101,0.000,0.045) has been dropped because it is unbounded (
in y). (see also unbounded coords=jump). 
NOTE: coordinate (0.121,0.000,0.061) has been dropped because it is unbounded (
in y). (see also unbounded coords=jump). 
NOTE: coordinate (0.141,0.000,0.077) has been dropped because it is unbounded (
in y). (see also unbounded coords=jump). 
NOTE: coordinate (0.162,0.000,0.092) has been dropped because it is unbounded (
in y). (see also unbounded coords=jump). 
NOTE: coordinate (0.182,0.000,0.106) has been dropped because it is unbounded (
in y). (see also unbounded coords=jump). 
NOTE: coordinate (0.202,0.000,0.116) has been dropped because it is unbounded (
in y). (see also unbounded coords=jump). 
NOTE: coordinate (0.222,0.000,0.123) has been dropped because it is unbounded (
in y). (see also unbounded coords=jump). 
NOTE: coordinate (0.242,0.000,0.125) has been dropped because it is unbounded (
in y). (see also unbounded coords=jump). 
NOTE: coordinate (0.263,0.000,0.122) has been dropped because it is unbounded (
in y). (see also unbounded coords=jump). 
NOTE: coordinate (0.283,0.000,0.113) has been dropped because it is unbounded (
in y). (see also unbounded coords=jump). 
NOTE: coordinate (0.303,0.000,0.099) has been dropped because it is unbounded (
in y). (see also unbounded coords=jump). 
NOTE: coordinate (0.323,0.000,0.080) has been dropped because it is unbounded (
in y). (see also unbounded coords=jump). 
NOTE: coordinate (0.343,0.000,0.057) has been dropped because it is unbounded (
in y). (see also unbounded coords=jump). 
NOTE: coordinate (0.364,0.000,0.029) has been dropped because it is unbounded (
in y). (see also unbounded coords=jump). 
NOTE: coordinate (0.384,0.000,0.001) has been dropped because it is unbounded (
in y). (see also unbounded coords=jump). 
NOTE: coordinate (0.404,0.000,0.033) has been dropped because it is unbounded (
in y). (see also unbounded coords=jump). 
NOTE: coordinate (0.424,0.000,0.065) has been dropped because it is unbounded (
in y). (see also unbounded coords=jump). 
NOTE: coordinate (0.444,0.000,0.096) has been dropped because it is unbounded (
in y). (see also unbounded coords=jump). 
NOTE: coordinate (0.465,0.000,0.124) has been dropped because it is unbounded (
in y). (see also unbounded coords=jump). 
NOTE: coordinate (0.485,0.000,0.149) has been dropped because it is unbounded (
in y). (see also unbounded coords=jump). 
NOTE: coordinate (0.505,0.000,0.168) has been dropped because it is unbounded (
in y). (see also unbounded coords=jump). 
NOTE: coordinate (0.525,0.000,0.181) has been dropped because it is unbounded (
in y). (see also unbounded coords=jump). 
NOTE: coordinate (0.545,0.000,0.187) has been dropped because it is unbounded (
in y). (see also unbounded coords=jump). 
NOTE: coordinate (0.566,0.000,0.186) has been dropped because it is unbounded (
in y). (see also unbounded coords=jump). 
NOTE: coordinate (0.586,0.000,0.177) has been dropped because it is unbounded (
in y). (see also unbounded coords=jump). 
NOTE: coordinate (0.606,0.000,0.160) has been dropped because it is unbounded (
in y). (see also unbounded coords=jump). 
NOTE: coordinate (0.626,0.000,0.136) has been dropped because it is unbounded (
in y). (see also unbounded coords=jump). 
NOTE: coordinate (0.646,0.000,0.106) has been dropped because it is unbounded (
in y). (see also unbounded coords=jump). 
NOTE: coordinate (0.667,0.000,0.070) has been dropped because it is unbounded (
in y). (see also unbounded coords=jump). 
NOTE: coordinate (0.687,0.000,0.030) has been dropped because it is unbounded (
in y). (see also unbounded coords=jump). 
NOTE: coordinate (0.707,0.000,0.012) has been dropped because it is unbounded (
in y). (see also unbounded coords=jump). 
NOTE: coordinate (0.727,0.000,0.055) has been dropped because it is unbounded (
in y). (see also unbounded coords=jump). 
NOTE: coordinate (0.747,0.000,0.096) has been dropped because it is unbounded (
in y). (see also unbounded coords=jump). 
NOTE: coordinate (0.768,0.000,0.135) has been dropped because it is unbounded (
in y). (see also unbounded coords=jump). 
NOTE: coordinate (0.788,0.000,0.170) has been dropped because it is unbounded (
in y). (see also unbounded coords=jump). 
NOTE: coordinate (0.808,0.000,0.198) has been dropped because it is unbounded (
in y). (see also unbounded coords=jump). 
NOTE: coordinate (0.828,0.000,0.219) has been dropped because it is unbounded (
in y). (see also unbounded coords=jump). 
NOTE: coordinate (0.848,0.000,0.232) has been dropped because it is unbounded (
in y). (see also unbounded coords=jump). 
NOTE: coordinate (0.869,0.000,0.235) has been dropped because it is unbounded (
in y). (see also unbounded coords=jump). 
NOTE: coordinate (0.889,0.000,0.228) has been dropped because it is unbounded (
in y). (see also unbounded coords=jump). 
NOTE: coordinate (0.909,0.000,0.212) has been dropped because it is unbounded (
in y). (see also unbounded coords=jump). 
NOTE: coordinate (0.929,0.000,0.187) has been dropped because it is unbounded (
in y). (see also unbounded coords=jump). 
NOTE: coordinate (0.949,0.000,0.154) has been dropped because it is unbounded (
in y). (see also unbounded coords=jump). 
NOTE: coordinate (0.970,0.000,0.114) has been dropped because it is unbounded (
in y). (see also unbounded coords=jump). 
NOTE: coordinate (0.990,0.000,0.068) has been dropped because it is unbounded (
in y). (see also unbounded coords=jump). 
NOTE: coordinate (1.010,0.000,0.018) has been dropped because it is unbounded (
in y). (see also unbounded coords=jump). 
NOTE: coordinate (1.030,0.000,0.033) has been dropped because it is unbounded (
in y). (see also unbounded coords=jump). 
NOTE: coordinate (1.051,0.000,0.084) has been dropped because it is unbounded (
in y). (see also unbounded coords=jump). 
NOTE: coordinate (1.071,0.000,0.133) has been dropped because it is unbounded (
in y). (see also unbounded coords=jump). 
NOTE: coordinate (1.091,0.000,0.177) has been dropped because it is unbounded (
in y). (see also unbounded coords=jump). 
NOTE: coordinate (1.111,0.000,0.214) has been dropped because it is unbounded (
in y). (see also unbounded coords=jump). 
NOTE: coordinate (1.131,0.000,0.244) has been dropped because it is unbounded (
in y). (see also unbounded coords=jump). 
NOTE: coordinate (1.152,0.000,0.264) has been dropped because it is unbounded (
in y). (see also unbounded coords=jump). 
NOTE: coordinate (1.172,0.000,0.273) has been dropped because it is unbounded (
in y). (see also unbounded coords=jump). 
NOTE: coordinate (1.192,0.000,0.272) has been dropped because it is unbounded (
in y). (see also unbounded coords=jump). 
NOTE: coordinate (1.212,0.000,0.259) has been dropped because it is unbounded (
in y). (see also unbounded coords=jump). 
NOTE: coordinate (1.232,0.000,0.236) has been dropped because it is unbounded (
in y). (see also unbounded coords=jump). 
NOTE: coordinate (1.253,0.000,0.202) has been dropped because it is unbounded (
in y). (see also unbounded coords=jump). 
NOTE: coordinate (1.273,0.000,0.160) has been dropped because it is unbounded (
in y). (see also unbounded coords=jump). 
NOTE: coordinate (1.293,0.000,0.110) has been dropped because it is unbounded (
in y). (see also unbounded coords=jump). 
NOTE: coordinate (1.313,0.000,0.055) has been dropped because it is unbounded (
in y). (see also unbounded coords=jump). 
NOTE: coordinate (1.333,0.000,0.003) has been dropped because it is unbounded (
in y). (see also unbounded coords=jump). 
NOTE: coordinate (1.354,0.000,0.062) has been dropped because it is unbounded (
in y). (see also unbounded coords=jump). 
NOTE: coordinate (1.374,0.000,0.119) has been dropped because it is unbounded (
in y). (see also unbounded coords=jump). 
NOTE: coordinate (1.394,0.000,0.172) has been dropped because it is unbounded (
in y). (see also unbounded coords=jump). 
NOTE: coordinate (1.414,0.000,0.219) has been dropped because it is unbounded (
in y). (see also unbounded coords=jump). 
NOTE: coordinate (1.434,0.000,0.257) has been dropped because it is unbounded (
in y). (see also unbounded coords=jump). 
NOTE: coordinate (1.455,0.000,0.286) has been dropped because it is unbounded (
in y). (see also unbounded coords=jump). 
NOTE: coordinate (1.475,0.000,0.303) has been dropped because it is unbounded (
in y). (see also unbounded coords=jump). 
NOTE: coordinate (1.495,0.000,0.308) has been dropped because it is unbounded (
in y). (see also unbounded coords=jump). 
NOTE: coordinate (1.515,0.000,0.301) has been dropped because it is unbounded (
in y). (see also unbounded coords=jump). 
NOTE: coordinate (1.535,0.000,0.281) has been dropped because it is unbounded (
in y). (see also unbounded coords=jump). 
NOTE: coordinate (1.556,0.000,0.249) has been dropped because it is unbounded (
in y). (see also unbounded coords=jump). 
NOTE: coordinate (1.576,0.000,0.207) has been dropped because it is unbounded (
in y). (see also unbounded coords=jump). 
NOTE: coordinate (1.596,0.000,0.156) has been dropped because it is unbounded (
in y). (see also unbounded coords=jump). 
NOTE: coordinate (1.616,0.000,0.097) has been dropped because it is unbounded (
in y). (see also unbounded coords=jump). 
NOTE: coordinate (1.636,0.000,0.034) has been dropped because it is unbounded (
in y). (see also unbounded coords=jump). 
NOTE: coordinate (1.657,0.000,0.031) has been dropped because it is unbounded (
in y). (see also unbounded coords=jump). 
NOTE: coordinate (1.677,0.000,0.096) has been dropped because it is unbounded (
in y). (see also unbounded coords=jump). 
NOTE: coordinate (1.697,0.000,0.157) has been dropped because it is unbounded (
in y). (see also unbounded coords=jump). 
NOTE: coordinate (1.717,0.000,0.213) has been dropped because it is unbounded (
in y). (see also unbounded coords=jump). 
NOTE: coordinate (1.737,0.000,0.261) has been dropped because it is unbounded (
in y). (see also unbounded coords=jump). 
NOTE: coordinate (1.758,0.000,0.299) has been dropped because it is unbounded (
in y). (see also unbounded coords=jump). 
NOTE: coordinate (1.778,0.000,0.325) has been dropped because it is unbounded (
in y). (see also unbounded coords=jump). 
NOTE: coordinate (1.798,0.000,0.338) has been dropped because it is unbounded (
in y). (see also unbounded coords=jump). 
NOTE: coordinate (1.818,0.000,0.337) has been dropped because it is unbounded (
in y). (see also unbounded coords=jump). 
NOTE: coordinate (1.838,0.000,0.323) has been dropped because it is unbounded (
in y). (see also unbounded coords=jump). 
NOTE: coordinate (1.859,0.000,0.295) has been dropped because it is unbounded (
in y). (see also unbounded coords=jump). 
NOTE: coordinate (1.879,0.000,0.255) has been dropped because it is unbounded (
in y). (see also unbounded coords=jump). 
NOTE: coordinate (1.899,0.000,0.204) has been dropped because it is unbounded (
in y). (see also unbounded coords=jump). 
NOTE: coordinate (1.919,0.000,0.144) has been dropped because it is unbounded (
in y). (see also unbounded coords=jump). 
NOTE: coordinate (1.939,0.000,0.077) has been dropped because it is unbounded (
in y). (see also unbounded coords=jump). 
NOTE: coordinate (1.960,0.000,0.007) has been dropped because it is unbounded (
in y). (see also unbounded coords=jump). 
NOTE: coordinate (1.980,0.000,0.064) has been dropped because it is unbounded (
in y). (see also unbounded coords=jump). 
NOTE: coordinate (2.000,0.000,0.134) has been dropped because it is unbounded (
in y). (see also unbounded coords=jump). 
LaTeX Font Info:    Try loading font information for OT1+ztmcm on input line 30
059.
("C:\Program Files\MiKTeX 2.9\tex\latex\psnfss\ot1ztmcm.fd"
File: ot1ztmcm.fd 2000/01/03 Fontinst v1.801 font definitions for OT1/ztmcm.
)
LaTeX Font Info:    Try loading font information for OML+ztmcm on input line 30
059.

("C:\Program Files\MiKTeX 2.9\tex\latex\psnfss\omlztmcm.fd"
File: omlztmcm.fd 2000/01/03 Fontinst v1.801 font definitions for OML/ztmcm.
)
LaTeX Font Info:    Try loading font information for OMS+ztmcm on input line 30
059.

("C:\Program Files\MiKTeX 2.9\tex\latex\psnfss\omsztmcm.fd"
File: omsztmcm.fd 2000/01/03 Fontinst v1.801 font definitions for OMS/ztmcm.
)
LaTeX Font Info:    Try loading font information for OMX+ztmcm on input line 30
059.

("C:\Program Files\MiKTeX 2.9\tex\latex\psnfss\omxztmcm.fd"
File: omxztmcm.fd 2000/01/03 Fontinst v1.801 font definitions for OMX/ztmcm.
)
LaTeX Font Info:    Font shape `OT1/ptm/bx/n' in size <10> not available
(Font)              Font shape `OT1/ptm/b/n' tried instead on input line 30059.

LaTeX Font Info:    Font shape `OT1/ptm/bx/n' in size <7.4> not available
(Font)              Font shape `OT1/ptm/b/n' tried instead on input line 30059.

LaTeX Font Info:    Font shape `OT1/ptm/bx/n' in size <6> not available
(Font)              Font shape `OT1/ptm/b/n' tried instead on input line 30059.

)
Overfull \hbox (41.78493pt too wide) in paragraph at lines 30060--17
[][] 
 []

[1

{C:/Users/Phased/AppData/Local/MiKTeX/2.9/pdftex/config/pdftex.map}] (J_1.aux) 
) 
Here is how much of TeX's memory you used:
 22001 strings out of 493335
 649399 string characters out of 3139257
 8699032 words of memory out of 10000000
 25147 multiletter control sequences out of 15000+200000
 18499 words of font info for 45 fonts, out of 3000000 for 9000
 1141 hyphenation exceptions out of 8191
 62i,9n,84p,2622b,2378s stack positions out of 5000i,500n,10000p,200000b,50000s
{C:/Program Files/MiKTeX 2.9/fonts/enc/dvips/fontname/8r.enc}<C:/Program Files
/MiKTeX 2.9/fonts/type1/public/amsfonts/cm/cmmi10.pfb><C:/Program Files/MiKTeX 
2.9/fonts/type1/public/amsfonts/cm/cmr10.pfb><C:/Program Files/MiKTeX 2.9/fonts
/type1/public/amsfonts/cm/cmsy10.pfb><C:/Program Files/MiKTeX 2.9/fonts/type1/u
rw/symbol/usyr.pfb><C:/Program Files/MiKTeX 2.9/fonts/type1/urw/times/utmr8a.pf
b><C:/Program Files/MiKTeX 2.9/fonts/type1/urw/times/utmri8a.pfb>
Output written on J_1.pdf (1 page, 277253 bytes).
PDF statistics:
 46 PDF objects out of 1000 (max. 8388607)
 0 named destinations out of 1000 (max. 500000)
 55 words of extra memory for PDF output out of 10000 (max. 10000000)

